mode: atomic
github.com/milvus-io/milvus/internal/util/function/models/siliconflow/siliconflow_text_embedding.go:70.30,70.58 1 1
github.com/milvus-io/milvus/internal/util/function/models/siliconflow/siliconflow_text_embedding.go:71.35,73.2 1 1
github.com/milvus-io/milvus/internal/util/function/models/siliconflow/siliconflow_text_embedding.go:75.40,77.2 1 3
github.com/milvus-io/milvus/internal/util/function/models/siliconflow/siliconflow_text_embedding.go:84.85,89.2 1 5
github.com/milvus-io/milvus/internal/util/function/models/siliconflow/siliconflow_text_embedding.go:91.46,92.20 1 5
github.com/milvus-io/milvus/internal/util/function/models/siliconflow/siliconflow_text_embedding.go:92.20,94.3 1 1
github.com/milvus-io/milvus/internal/util/function/models/siliconflow/siliconflow_text_embedding.go:96.2,96.17 1 4
github.com/milvus-io/milvus/internal/util/function/models/siliconflow/siliconflow_text_embedding.go:96.17,98.3 1 1
github.com/milvus-io/milvus/internal/util/function/models/siliconflow/siliconflow_text_embedding.go:99.2,99.12 1 3
github.com/milvus-io/milvus/internal/util/function/models/siliconflow/siliconflow_text_embedding.go:102.145,107.16 5 2
github.com/milvus-io/milvus/internal/util/function/models/siliconflow/siliconflow_text_embedding.go:107.16,109.3 1 0
github.com/milvus-io/milvus/internal/util/function/models/siliconflow/siliconflow_text_embedding.go:111.2,111.21 1 2
github.com/milvus-io/milvus/internal/util/function/models/siliconflow/siliconflow_text_embedding.go:111.21,113.3 1 2
github.com/milvus-io/milvus/internal/util/function/models/siliconflow/siliconflow_text_embedding.go:115.2,118.16 4 2
github.com/milvus-io/milvus/internal/util/function/models/siliconflow/siliconflow_text_embedding.go:118.16,120.3 1 0
github.com/milvus-io/milvus/internal/util/function/models/siliconflow/siliconflow_text_embedding.go:122.2,125.16 4 2
github.com/milvus-io/milvus/internal/util/function/models/siliconflow/siliconflow_text_embedding.go:125.16,127.3 1 1
github.com/milvus-io/milvus/internal/util/function/models/siliconflow/siliconflow_text_embedding.go:128.2,130.16 3 1
github.com/milvus-io/milvus/internal/util/function/models/siliconflow/siliconflow_text_embedding.go:130.16,132.3 1 0
github.com/milvus-io/milvus/internal/util/function/models/siliconflow/siliconflow_text_embedding.go:133.2,134.18 2 1
